<?xml version="1.0" encoding="UTF-8"?>
<!-- Generated by org.testng.reporters.JUnitReportReporter -->
<testsuite skipped="6" hostname="RahulEvo" name="qa.run" tests="7" failures="0" timestamp="2020-06-13T14:51:35 IST" time="71.192" errors="0">
  <testcase name="facebook" time="71.192" classname="qa.run"/>
  <system-out/>
  <testcase name="replace" classname="qa.run">
    <skipped/>
  </testcase> <!-- replace -->
  <system-out/>
  <testcase name="calling" classname="qa.run">
    <skipped/>
  </testcase> <!-- calling -->
  <system-out/>
  <testcase name="sorting" classname="qa.run">
    <skipped/>
  </testcase> <!-- sorting -->
  <system-out/>
  <testcase name="call" classname="qa.run">
    <skipped/>
  </testcase> <!-- call -->
  <system-out/>
  <testcase name="number" classname="qa.run">
    <skipped/>
  </testcase> <!-- number -->
  <system-out/>
  <testcase name="prime" classname="qa.run">
    <skipped/>
  </testcase> <!-- prime -->
  <system-out/>
</testsuite> <!-- qa.run -->
