<?xml version="1.0" encoding="UTF-8"?>
<!-- Generated by org.testng.reporters.JUnitReportReporter -->
<testsuite skipped="5" hostname="RahulEvo" name="qa.Demo" tests="6" failures="0" timestamp="2020-03-09T23:01:44 IST" time="1.189" errors="0">
  <testcase name="readData1" time="1.189" classname="qa.Demo"/>
  <testcase name="run" classname="qa.Demo">
    <skipped/>
  </testcase> <!-- run -->
  <testcase name="rahul" classname="qa.Demo">
    <skipped/>
  </testcase> <!-- rahul -->
  <testcase name="verifylinksandImages" classname="qa.Demo">
    <skipped/>
  </testcase> <!-- verifylinksandImages -->
  <testcase name="urban" classname="qa.Demo">
    <skipped/>
  </testcase> <!-- urban -->
  <testcase name="readData" classname="qa.Demo">
    <skipped/>
  </testcase> <!-- readData -->
</testsuite> <!-- qa.Demo -->
