<?xml version="1.0" encoding="UTF-8"?>
<!-- Generated by org.testng.reporters.JUnitReportReporter -->
<testsuite skipped="1" hostname="RahulEvo" name="qa.Torrent" tests="2" failures="0" timestamp="2020-05-30T15:13:01 IST" time="0.017" errors="0">
  <testcase name="flipkatTest" time="0.017" classname="qa.Torrent"/>
  <system-out/>
  <testcase name="torrenttest" classname="qa.Torrent">
    <skipped/>
  </testcase> <!-- torrenttest -->
  <system-out/>
</testsuite> <!-- qa.Torrent -->
